<?xml version="1.0" encoding="UTF-8"?>
<!-- Generated by org.testng.reporters.JUnitReportReporter -->
<testsuite hostname="DESKTOP-958GEAV" failures="0" tests="1" name="com.demo.capstoneproj.AutomateRegistration" time="28.425" errors="0" timestamp="2022-10-21T01:27:36 IST" skipped="0">
  <testcase classname="com.demo.capstoneproj.AutomateRegistration" name="f" time="28.425"/>
  <system-out/>
</testsuite> <!-- com.demo.capstoneproj.AutomateRegistration -->
