<?xml version="1.0" encoding="UTF-8"?>
<!-- Generated by org.testng.reporters.JUnitReportReporter -->
<testsuite hostname="DESKTOP-958GEAV" failures="0" tests="1" name="com.demo.capstoneproj.AutomateLogin" time="9.277" errors="0" timestamp="2022-10-21T01:21:31 IST" skipped="0">
  <testcase classname="com.demo.capstoneproj.AutomateLogin" name="f" time="9.277"/>
  <system-out/>
</testsuite> <!-- com.demo.capstoneproj.AutomateLogin -->
